Tue, 11 Oct 2016 11:22:55 connectionpool.py INFO Starting new HTTP connection (1): login.weibo.cn
Tue, 11 Oct 2016 11:22:55 connectionpool.py INFO Starting new HTTP connection (1): weibo.cn
Tue, 11 Oct 2016 11:22:56 connectionpool.py INFO Resetting dropped connection: weibo.cn
Tue, 11 Oct 2016 11:22:56 autoPublish.py INFO publish mblog-【为何国内银行保险机构在区块链金融布局上略显谨慎？】在全球，区块链技术在金融科技领域掀起一股热潮，大量的资本公司和银行都在热情拥抱区块链的研究以及注资研发区块链技术的初创企业。市场早已在对区块链如何改变银行业，如何改变保险行业等进行了种种猜想http://www.gongxiangcj.com/show-22-2220-1.html
Tue, 11 Oct 2016 11:22:57 connectionpool.py INFO Starting new HTTP connection (1): www.weibo.com
Tue, 11 Oct 2016 11:23:04 connectionpool.py INFO Starting new HTTP connection (1): weibo.com
Tue, 11 Oct 2016 11:23:07 connectionpool.py INFO Starting new HTTP connection (1): d.weibo.com
Tue, 11 Oct 2016 11:23:11 connectionpool.py INFO Resetting dropped connection: weibo.com
Tue, 11 Oct 2016 11:23:15 connectionpool.py INFO Resetting dropped connection: www.weibo.com
Tue, 11 Oct 2016 11:31:33 connectionpool.py INFO Starting new HTTP connection (1): login.weibo.cn
Tue, 11 Oct 2016 11:31:33 connectionpool.py INFO Starting new HTTP connection (1): weibo.cn
Tue, 11 Oct 2016 11:31:33 connectionpool.py INFO Resetting dropped connection: weibo.cn
Tue, 11 Oct 2016 11:31:33 autoPublish.py INFO publish mblog-【为何国内银行保险机构在区块链金融布局上略显谨慎？】在全球，区块链技术在金融科技领域掀起一股热潮，大量的公司和银行都在热情拥抱区块链的研究以及注资研发区块链技术的初创企业。市场早已在对区块链如何改变银行业，如何改变保险行业等进行了种种猜想http://www.gongxiangcj.com/show-22-2220-1.html
Tue, 11 Oct 2016 11:31:33 connectionpool.py INFO Starting new HTTP connection (1): d.weibo.com
Tue, 11 Oct 2016 11:31:39 connectionpool.py INFO Starting new HTTP connection (1): weibo.com
Tue, 11 Oct 2016 11:31:44 connectionpool.py INFO Starting new HTTP connection (1): www.weibo.com
Tue, 11 Oct 2016 11:31:52 connectionpool.py INFO Resetting dropped connection: d.weibo.com
Tue, 11 Oct 2016 11:31:59 connectionpool.py INFO Resetting dropped connection: weibo.com
Tue, 11 Oct 2016 11:34:19 connectionpool.py INFO Starting new HTTP connection (1): login.weibo.cn
Tue, 11 Oct 2016 11:34:20 connectionpool.py INFO Starting new HTTP connection (1): weibo.cn
Tue, 11 Oct 2016 11:35:10 connectionpool.py INFO Starting new HTTP connection (1): login.weibo.cn
Tue, 11 Oct 2016 11:35:10 connectionpool.py INFO Starting new HTTP connection (1): weibo.cn
Tue, 11 Oct 2016 11:35:10 connectionpool.py INFO Resetting dropped connection: weibo.cn
Tue, 11 Oct 2016 11:35:11 connectionpool.py INFO Resetting dropped connection: weibo.cn
Tue, 11 Oct 2016 11:35:11 autoPublish.py INFO publish mblog-【为何国内银行保险机构在区块链金融布局上略显谨慎？】在全球，区块链技术在金融科技领域掀起一股热潮，大量的公司和银行都在拥抱区块链的研究以及注资研发区块链技术的初创企业。市场早已在对区块链如何改变银行业，改变保险行业等进行了种种猜想http://www.gongxiangcj.com/show-22-2220-1.html
Tue, 11 Oct 2016 11:35:11 connectionpool.py INFO Starting new HTTP connection (1): d.weibo.com
Tue, 11 Oct 2016 11:35:19 connectionpool.py INFO Starting new HTTP connection (1): www.weibo.com
Tue, 11 Oct 2016 11:35:26 connectionpool.py INFO Resetting dropped connection: d.weibo.com
Tue, 11 Oct 2016 11:35:32 connectionpool.py INFO Starting new HTTP connection (1): weibo.com
Tue, 11 Oct 2016 11:35:38 connectionpool.py INFO Resetting dropped connection: www.weibo.com
