Fri, 23 Sep 2016 15:21:46 connectionpool.py INFO Starting new HTTP connection (1): login.weibo.cn
Fri, 23 Sep 2016 15:21:47 connectionpool.py INFO Starting new HTTP connection (1): login.sina.com.cn
Fri, 23 Sep 2016 15:21:47 connectionpool.py INFO Starting new HTTP connection (1): weibo.cn
Fri, 23 Sep 2016 15:21:48 connectionpool.py INFO Resetting dropped connection: login.sina.com.cn
Fri, 23 Sep 2016 15:21:54 connectionpool.py INFO Starting new HTTP connection (1): login.weibo.cn
Fri, 23 Sep 2016 15:21:54 connectionpool.py INFO Starting new HTTP connection (1): login.sina.com.cn
Fri, 23 Sep 2016 15:21:54 connectionpool.py INFO Starting new HTTP connection (1): weibo.cn
Fri, 23 Sep 2016 15:21:54 connectionpool.py INFO Resetting dropped connection: login.sina.com.cn
Fri, 23 Sep 2016 15:21:56 connectionpool.py INFO Starting new HTTP connection (1): login.weibo.cn
Fri, 23 Sep 2016 15:21:56 connectionpool.py INFO Starting new HTTP connection (1): login.sina.com.cn
Fri, 23 Sep 2016 15:21:56 connectionpool.py INFO Starting new HTTP connection (1): weibo.cn
Fri, 23 Sep 2016 15:21:56 connectionpool.py INFO Resetting dropped connection: login.sina.com.cn
Fri, 23 Sep 2016 15:21:57 connectionpool.py INFO Starting new HTTP connection (1): login.weibo.cn
Fri, 23 Sep 2016 15:21:57 connectionpool.py INFO Starting new HTTP connection (1): login.sina.com.cn
Fri, 23 Sep 2016 15:21:58 connectionpool.py INFO Starting new HTTP connection (1): weibo.cn
Fri, 23 Sep 2016 15:21:58 connectionpool.py INFO Resetting dropped connection: login.sina.com.cn
Fri, 23 Sep 2016 15:23:04 connectionpool.py INFO Starting new HTTP connection (1): login.weibo.cn
Fri, 23 Sep 2016 15:23:05 connectionpool.py INFO Starting new HTTP connection (1): weibo.cn
Fri, 23 Sep 2016 15:23:06 connectionpool.py INFO Resetting dropped connection: weibo.cn
Fri, 23 Sep 2016 15:23:06 autoComment.py INFO E9mCFFgMc 	1000162023	公积金贷款买房，只需这九步http://appsource.yixin.com/community/gjjmf/gjjmf.html
	SUCCESS
Fri, 23 Sep 2016 15:23:06 connectionpool.py INFO Resetting dropped connection: weibo.cn
Fri, 23 Sep 2016 15:23:06 autoComment.py INFO E9mCFFgMc 	1608514877	NULL	check_pubFailed
Fri, 23 Sep 2016 15:23:06 connectionpool.py INFO Starting new HTTP connection (1): www.weibo.com
Fri, 23 Sep 2016 15:25:43 connectionpool.py INFO Starting new HTTP connection (1): login.weibo.cn
Fri, 23 Sep 2016 15:25:44 connectionpool.py INFO Starting new HTTP connection (1): weibo.cn
Fri, 23 Sep 2016 15:25:44 connectionpool.py INFO Resetting dropped connection: weibo.cn
Fri, 23 Sep 2016 15:25:45 autoComment.py INFO E9mCFFgMc 	1000162023	公积金贷款买房，只需这九步http://appsource.yixin.com/community/gjjmf/gjjmf.html
	SUCCESS
Fri, 23 Sep 2016 15:25:45 connectionpool.py INFO Resetting dropped connection: weibo.cn
Fri, 23 Sep 2016 15:25:45 autoComment.py INFO E9mCFFgMc 	1608514877	NULL	check_pubFailed
Fri, 23 Sep 2016 15:25:45 connectionpool.py INFO Starting new HTTP connection (1): weibo.com
Fri, 23 Sep 2016 15:26:30 connectionpool.py INFO Starting new HTTP connection (1): d.weibo.com
Fri, 23 Sep 2016 15:26:43 connectionpool.py INFO Resetting dropped connection: d.weibo.com
Fri, 23 Sep 2016 15:27:44 connectionpool.py INFO Starting new HTTP connection (1): www.weibo.com
Fri, 23 Sep 2016 15:28:10 connectionpool.py INFO Resetting dropped connection: weibo.com
Fri, 23 Sep 2016 15:30:40 connectionpool.py INFO Starting new HTTP connection (1): login.weibo.cn
Fri, 23 Sep 2016 15:30:41 connectionpool.py INFO Starting new HTTP connection (1): weibo.cn
Fri, 23 Sep 2016 15:30:42 connectionpool.py INFO Resetting dropped connection: weibo.cn
Fri, 23 Sep 2016 15:30:42 autoComment.py INFO E9mCFFgMc 	1000162023	公积金贷款买房，只需这九步http://appsource.yixin.com/community/gjjmf/gjjmf.html
	SUCCESS
Fri, 23 Sep 2016 15:30:42 connectionpool.py INFO Resetting dropped connection: weibo.cn
Fri, 23 Sep 2016 15:30:42 autoComment.py INFO E9mCFFgMc 	1608514877	NULL	check_pubFailed
Fri, 23 Sep 2016 15:30:42 connectionpool.py INFO Starting new HTTP connection (1): www.weibo.com
Fri, 23 Sep 2016 15:31:41 connectionpool.py INFO Resetting dropped connection: www.weibo.com
Fri, 23 Sep 2016 15:32:40 connectionpool.py INFO Starting new HTTP connection (1): weibo.com
Fri, 23 Sep 2016 15:33:03 connectionpool.py INFO Resetting dropped connection: weibo.com
Fri, 23 Sep 2016 15:33:53 connectionpool.py INFO Resetting dropped connection: www.weibo.com
Fri, 23 Sep 2016 15:35:31 connectionpool.py INFO Resetting dropped connection: weibo.cn
Fri, 23 Sep 2016 15:35:32 autoComment.py INFO E9r64uJFg 	1000383247	公积金贷款买房，只需这九步http://appsource.yixin.com/community/gjjmf/gjjmf.html
	SUCCESS
Fri, 23 Sep 2016 15:35:32 connectionpool.py INFO Resetting dropped connection: weibo.cn
Fri, 23 Sep 2016 15:35:32 autoComment.py INFO E9r64uJFg 	1608514877	NULL	check_pubFailed
Fri, 23 Sep 2016 15:35:32 connectionpool.py INFO Resetting dropped connection: weibo.com
Fri, 23 Sep 2016 15:36:09 connectionpool.py INFO Resetting dropped connection: www.weibo.com
Fri, 23 Sep 2016 15:36:21 connectionpool.py INFO Starting new HTTP connection (1): s.weibo.com
Fri, 23 Sep 2016 15:38:03 connectionpool.py INFO Starting new HTTP connection (1): login.weibo.cn
Fri, 23 Sep 2016 15:38:04 connectionpool.py INFO Starting new HTTP connection (1): weibo.cn
Fri, 23 Sep 2016 15:38:05 connectionpool.py INFO Resetting dropped connection: weibo.cn
Fri, 23 Sep 2016 15:38:05 autoComment.py INFO E9mCFFgMc 	1000162023	公积金贷款买房，只需这九步http://appsource.yixin.com/community/gjjmf/gjjmf.html
	SUCCESS
Fri, 23 Sep 2016 15:38:05 connectionpool.py INFO Resetting dropped connection: weibo.cn
Fri, 23 Sep 2016 15:38:05 autoComment.py INFO E9mCFFgMc 	1608514877	NULL	check_pubFailed
Fri, 23 Sep 2016 15:38:05 connectionpool.py INFO Starting new HTTP connection (1): www.weibo.com
Fri, 23 Sep 2016 15:49:59 connectionpool.py INFO Starting new HTTP connection (1): login.weibo.cn
Fri, 23 Sep 2016 15:50:00 connectionpool.py INFO Starting new HTTP connection (1): weibo.cn
Fri, 23 Sep 2016 15:50:01 connectionpool.py INFO Resetting dropped connection: weibo.cn
Fri, 23 Sep 2016 15:50:01 autoComment.py INFO E9mCFFgMc 	1000162023	公积金贷款买房，只需这九步http://appsource.yixin.com/community/gjjmf/gjjmf.html
	SUCCESS
Fri, 23 Sep 2016 15:50:01 connectionpool.py INFO Resetting dropped connection: weibo.cn
Fri, 23 Sep 2016 15:50:01 autoComment.py INFO E9mCFFgMc 	1608514877	NULL	check_pubFailed
Fri, 23 Sep 2016 15:50:01 connectionpool.py INFO Starting new HTTP connection (1): weibo.com
Fri, 23 Sep 2016 15:51:16 connectionpool.py INFO Starting new HTTP connection (1): login.weibo.cn
Fri, 23 Sep 2016 15:51:17 connectionpool.py INFO Starting new HTTP connection (1): weibo.cn
Fri, 23 Sep 2016 15:51:17 connectionpool.py INFO Resetting dropped connection: weibo.cn
Fri, 23 Sep 2016 15:51:17 autoComment.py INFO E9mCFFgMc 	1000162023	今天老爸要我去相亲，我说不用了，你马上就要当爷爷了…，老爸很惊讶，赶紧把相亲的约定给推了…挂完电话问我：“你什么时候有的对象？”我说没有呀，你不是种了几棵葫芦吗？我看快成熟了…说完我就感觉我的脸火辣辣的疼…
	SUCCESS
Fri, 23 Sep 2016 15:51:17 connectionpool.py INFO Resetting dropped connection: weibo.cn
Fri, 23 Sep 2016 15:51:17 autoComment.py INFO E9mCFFgMc 	1608514877	NULL	check_pubFailed
Fri, 23 Sep 2016 15:51:17 connectionpool.py INFO Starting new HTTP connection (1): www.weibo.com
Fri, 23 Sep 2016 15:52:00 connectionpool.py INFO Resetting dropped connection: www.weibo.com
Fri, 23 Sep 2016 15:53:07 connectionpool.py INFO Resetting dropped connection: www.weibo.com
Fri, 23 Sep 2016 15:53:43 connectionpool.py INFO Starting new HTTP connection (1): weibo.com
Fri, 23 Sep 2016 15:55:46 connectionpool.py INFO Starting new HTTP connection (1): login.weibo.cn
Fri, 23 Sep 2016 15:55:47 connectionpool.py INFO Starting new HTTP connection (1): weibo.cn
Fri, 23 Sep 2016 15:55:48 connectionpool.py INFO Resetting dropped connection: weibo.cn
Fri, 23 Sep 2016 15:55:48 autoComment.py INFO E9mCFFgMc 	1000162023	单身久了，随便一个女的看了你一眼，你都会觉得，她是不是喜欢我，然后，脑子中各种求爱场面，各种结婚，生子。。。等等等等的幻想，就出来啦。。。
	SUCCESS
Fri, 23 Sep 2016 15:55:48 connectionpool.py INFO Resetting dropped connection: weibo.cn
Fri, 23 Sep 2016 15:55:48 autoComment.py INFO E9mCFFgMc 	1608514877	NULL	check_pubFailed
Fri, 23 Sep 2016 15:55:48 connectionpool.py INFO Starting new HTTP connection (1): d.weibo.com
Fri, 23 Sep 2016 15:58:10 connectionpool.py INFO Starting new HTTP connection (1): login.weibo.cn
Fri, 23 Sep 2016 15:58:11 connectionpool.py INFO Starting new HTTP connection (1): weibo.cn
Fri, 23 Sep 2016 15:58:12 connectionpool.py INFO Resetting dropped connection: weibo.cn
Fri, 23 Sep 2016 15:58:12 autoComment.py INFO E9mCFFgMc 	1000162023	朋友中午酒醉，手贱把手机密码改了。晚上继续喝，手机却是怎么也打不开，提示密码错误，朋友顺手就摔地上了，稀碎！我们都夸他有钱任性。第二天知道真相的我眼泪掉了下来，跟朋友手机同款，中午酒醉拿错了…
	SUCCESS
Fri, 23 Sep 2016 15:58:12 connectionpool.py INFO Resetting dropped connection: weibo.cn
Fri, 23 Sep 2016 15:58:12 autoComment.py INFO E9mCFFgMc 	1608514877	NULL	check_pubFailed
Fri, 23 Sep 2016 15:58:12 connectionpool.py INFO Starting new HTTP connection (1): d.weibo.com
Fri, 23 Sep 2016 15:58:45 connectionpool.py INFO Starting new HTTP connection (1): weibo.com
Fri, 23 Sep 2016 16:17:27 connectionpool.py INFO Starting new HTTP connection (1): login.weibo.cn
Fri, 23 Sep 2016 16:17:27 connectionpool.py INFO Starting new HTTP connection (1): weibo.cn
Fri, 23 Sep 2016 16:17:28 connectionpool.py INFO Resetting dropped connection: weibo.cn
Fri, 23 Sep 2016 16:17:29 connectionpool.py INFO Resetting dropped connection: weibo.cn
Fri, 23 Sep 2016 16:17:30 autoComment.py INFO E8RRK5lUH	1000383247	驾校里，一位年迈的老人报名学车，好奇的坐下和他聊聊。我：大爷，您都这岁数了，怎么突然想起学车呢。大爷语气沉重：你看我这把老骨头，像是来学车的吗，我是给我儿子报名的，我就不信，我治不了他，教练还治不了他。
	SUCCESS
Fri, 23 Sep 2016 16:17:30 connectionpool.py INFO Resetting dropped connection: weibo.cn
Fri, 23 Sep 2016 16:17:30 autoComment.py INFO E8RRK5lUH	1608514877	想瘦➕包你满意。	check_pubSuccess
Fri, 23 Sep 2016 16:17:30 connectionpool.py INFO Starting new HTTP connection (1): www.weibo.com
